[Wed Aug 09 2023 15:40:49 GMT+0900 (대한민국 표준시)] 200 /chat.html?username=%E3%85%87%E3%84%B4%E3%84%B9%E3%85%81
[Wed Aug 09 2023 16:09:05 GMT+0900 (대한민국 표준시)] 200 /chat.html?username=%E3%85%87%E3%84%B4%E3%84%B9%E3%85%81
[Wed Aug 09 2023 16:09:05 GMT+0900 (대한민국 표준시)] 200 /img/favicon.ico
[Wed Aug 09 2023 16:09:08 GMT+0900 (대한민국 표준시)] 200 /index.html
[Wed Aug 09 2023 16:09:08 GMT+0900 (대한민국 표준시)] 200 /img/favicon.ico
[Wed Aug 09 2023 16:09:11 GMT+0900 (대한민국 표준시)] 200 /chat.html?username=%ED%99%8D%EA%B8%B8%EB%8F%99
[Wed Aug 09 2023 16:11:51 GMT+0900 (대한민국 표준시)] 200 /chat.html?username=%ED%99%8D%EA%B8%B8%EB%8F%99
[Wed Aug 09 2023 16:13:07 GMT+0900 (대한민국 표준시)] 200 /index.html
[Wed Aug 09 2023 16:13:07 GMT+0900 (대한민국 표준시)] 200 /img/favicon.ico
[Wed Aug 09 2023 16:13:11 GMT+0900 (대한민국 표준시)] 200 /chat?username=%ED%99%8D%EA%B8%B8%EB%8F%99
[Wed Aug 09 2023 16:30:31 GMT+0900 (대한민국 표준시)] 200 /chat?username=%ED%99%8D%EA%B8%B8%EB%8F%99
[Wed Aug 09 2023 16:31:55 GMT+0900 (대한민국 표준시)] 200 /chat?username=%ED%99%8D%EA%B8%B8%EB%8F%99
[Wed Aug 09 2023 16:32:00 GMT+0900 (대한민국 표준시)] 200 /
[Wed Aug 09 2023 16:32:03 GMT+0900 (대한민국 표준시)] 200 /chat?username=%ED%99%8D%EA%B8%B8%EB%8F%99
[Wed Aug 09 2023 16:33:35 GMT+0900 (대한민국 표준시)] 200 /chat?username=%ED%99%8D%EA%B8%B8%EB%8F%99
[Wed Aug 09 2023 16:33:39 GMT+0900 (대한민국 표준시)] 200 /
[Wed Aug 09 2023 16:33:42 GMT+0900 (대한민국 표준시)] 200 /chat?username=%E3%84%B4%E3%84%B9%E3%85%81%E3%84%B4%E3%84%B9
[Wed Aug 09 2023 16:33:58 GMT+0900 (대한민국 표준시)] 200 /chat?username=%ED%99%8D%EA%B8%B8%EB%8F%99
[Wed Aug 09 2023 16:40:31 GMT+0900 (대한민국 표준시)] 200 /chat?username=%ED%99%8D%EA%B8%B8%EB%8F%99
[Wed Aug 09 2023 16:40:34 GMT+0900 (대한민국 표준시)] 200 /chat?username=%ED%99%8D%EA%B8%B8%EB%8F%99
[Wed Aug 09 2023 16:41:10 GMT+0900 (대한민국 표준시)] 200 /chat?username=%ED%99%8D%EA%B8%B8%EB%8F%99
[Wed Aug 09 2023 16:46:55 GMT+0900 (대한민국 표준시)] 200 /chat?username=%ED%99%8D%EA%B8%B8%EB%8F%99
[Wed Aug 09 2023 16:47:02 GMT+0900 (대한민국 표준시)] 200 /chat?username=%EB%A5%98%EC%83%81%E3%85%81%27%E3%84%B4
[Wed Aug 09 2023 16:48:27 GMT+0900 (대한민국 표준시)] 200 /chat?username=%EC%A2%86%EC%A2%86%EC%A2%86
[Wed Aug 09 2023 17:06:28 GMT+0900 (대한민국 표준시)] 200 /chat.html?username=kim
[Wed Aug 09 2023 17:06:35 GMT+0900 (대한민국 표준시)] 200 /chat.html
[Wed Aug 09 2023 17:07:46 GMT+0900 (대한민국 표준시)] 200 /chat.html
[Wed Aug 09 2023 17:07:55 GMT+0900 (대한민국 표준시)] 200 /chat?username=%ED%99%8D%EA%B8%B8%EB%8F%99
[Wed Aug 09 2023 17:09:59 GMT+0900 (대한민국 표준시)] 200 /chat?username=%ED%99%8D%EA%B8%B8%EB%8F%99
[Wed Aug 09 2023 17:10:06 GMT+0900 (대한민국 표준시)] 200 /chat?username=%ED%99%8D%EA%B8%B8%EB%8F%99
[Wed Aug 09 2023 17:10:13 GMT+0900 (대한민국 표준시)] 200 /chat?username=%ED%99%8D%EA%B8%B8%EB%8F%99
[Wed Aug 09 2023 17:10:14 GMT+0900 (대한민국 표준시)] 200 /chat?username=%ED%99%8D%EA%B8%B8%EB%8F%99
[Wed Aug 09 2023 17:10:55 GMT+0900 (대한민국 표준시)] 200 /chat?username=%ED%99%8D%EA%B8%B8%EB%8F%99
[Wed Aug 09 2023 17:11:02 GMT+0900 (대한민국 표준시)] 200 /chat?username=%ED%99%8D%EA%B8%B8%EB%8F%99
[Wed Aug 09 2023 17:11:39 GMT+0900 (대한민국 표준시)] 200 /chat?username=%ED%99%8D%EA%B8%B8%EB%8F%99
[Wed Aug 09 2023 17:13:17 GMT+0900 (대한민국 표준시)] 200 /chat?username=%ED%99%8D%EA%B8%B8%EB%8F%99
[Wed Aug 09 2023 17:13:24 GMT+0900 (대한민국 표준시)] 200 /chat?username=%ED%99%8D%EA%B8%B8%EB%8F%99
[Wed Aug 09 2023 17:15:01 GMT+0900 (대한민국 표준시)] 200 /chat?username=%ED%99%8D%EA%B8%B8%EB%8F%99
[Wed Aug 09 2023 17:15:03 GMT+0900 (대한민국 표준시)] 200 /chat?username=%ED%99%8D%EA%B8%B8%EB%8F%99
[Wed Aug 09 2023 17:15:40 GMT+0900 (대한민국 표준시)] 200 /chat?username=%ED%99%8D%EA%B8%B8%EB%8F%99
[Wed Aug 09 2023 17:15:41 GMT+0900 (대한민국 표준시)] 200 /chat?username=%ED%99%8D%EA%B8%B8%EB%8F%99
[Wed Aug 09 2023 17:15:46 GMT+0900 (대한민국 표준시)] 200 /chat?username=%ED%99%8D%EA%B8%B8%EB%8F%99
[Wed Aug 09 2023 17:16:16 GMT+0900 (대한민국 표준시)] 200 /chat?username=%ED%99%8D%EA%B8%B8%EB%8F%99
[Wed Aug 09 2023 17:16:35 GMT+0900 (대한민국 표준시)] 200 /chat?username=%ED%99%8D%EA%B8%B8%EB%8F%99
[Wed Aug 09 2023 17:17:18 GMT+0900 (대한민국 표준시)] 200 /
[Wed Aug 09 2023 17:17:18 GMT+0900 (대한민국 표준시)] 200 /img/favicon.ico
[Wed Aug 09 2023 17:22:25 GMT+0900 (대한민국 표준시)] 200 /chat?username=daf
[Wed Aug 09 2023 17:22:32 GMT+0900 (대한민국 표준시)] 200 /adfasfdsf
[Wed Aug 09 2023 17:23:02 GMT+0900 (대한민국 표준시)] 200 /adfasfdsf
[Wed Aug 09 2023 17:24:24 GMT+0900 (대한민국 표준시)] 200 /img
[Wed Aug 09 2023 17:25:46 GMT+0900 (대한민국 표준시)] 200 /dsfaf
[Wed Aug 09 2023 17:25:49 GMT+0900 (대한민국 표준시)] 200 /
[Wed Aug 09 2023 17:25:51 GMT+0900 (대한민국 표준시)] 200 /chat?username=dfsa
[Wed Aug 09 2023 17:25:58 GMT+0900 (대한민국 표준시)] 200 /chat.html
[Wed Aug 09 2023 17:27:36 GMT+0900 (대한민국 표준시)] 200 /chat.html
[Wed Aug 09 2023 17:27:36 GMT+0900 (대한민국 표준시)] 200 /img/favicon.ico
[Wed Aug 09 2023 17:27:37 GMT+0900 (대한민국 표준시)] 200 /chat.html
[Wed Aug 09 2023 17:27:37 GMT+0900 (대한민국 표준시)] 200 /img/favicon.ico
[Wed Aug 09 2023 17:27:41 GMT+0900 (대한민국 표준시)] 200 /
[Wed Aug 09 2023 17:33:30 GMT+0900 (대한민국 표준시)] 200 /chat?username=
[Wed Aug 09 2023 17:33:30 GMT+0900 (대한민국 표준시)] 200 /chat.html
[Wed Aug 09 2023 17:33:35 GMT+0900 (대한민국 표준시)] 200 /chat?username=safdsf
[Wed Aug 09 2023 17:33:35 GMT+0900 (대한민국 표준시)] 200 /chat.html
[Wed Aug 09 2023 17:33:39 GMT+0900 (대한민국 표준시)] 200 /chat?username=dsf
[Wed Aug 09 2023 17:33:39 GMT+0900 (대한민국 표준시)] 200 /chat.html
[Wed Aug 09 2023 17:34:09 GMT+0900 (대한민국 표준시)] 200 /chat?username=%ED%99%8D%EA%B8%B8%EB%8F%99
[Wed Aug 09 2023 17:34:09 GMT+0900 (대한민국 표준시)] 200 /chat.html
[Wed Aug 09 2023 17:35:28 GMT+0900 (대한민국 표준시)] 200 /
[Wed Aug 09 2023 17:35:32 GMT+0900 (대한민국 표준시)] 200 /chat.html
[Wed Aug 09 2023 17:35:35 GMT+0900 (대한민국 표준시)] 200 /chat
[Wed Aug 09 2023 17:35:35 GMT+0900 (대한민국 표준시)] 200 /chat.html
[Wed Aug 09 2023 17:35:38 GMT+0900 (대한민국 표준시)] 200 /
[Wed Aug 09 2023 17:35:39 GMT+0900 (대한민국 표준시)] 200 /login?username=dfsa
[Wed Aug 09 2023 17:35:39 GMT+0900 (대한민국 표준시)] 200 /chat
[Wed Aug 09 2023 17:35:39 GMT+0900 (대한민국 표준시)] 200 /chat.html
[Wed Aug 09 2023 17:36:07 GMT+0900 (대한민국 표준시)] 200 /chat.html
[Wed Aug 09 2023 17:36:07 GMT+0900 (대한민국 표준시)] 200 /img/favicon.ico
[Wed Aug 09 2023 17:36:09 GMT+0900 (대한민국 표준시)] 200 /login?username=dfsa
[Wed Aug 09 2023 17:36:09 GMT+0900 (대한민국 표준시)] 200 /chat
[Wed Aug 09 2023 17:36:09 GMT+0900 (대한민국 표준시)] 200 /chat
[Wed Aug 09 2023 17:36:09 GMT+0900 (대한민국 표준시)] 200 /chat
[Wed Aug 09 2023 17:36:09 GMT+0900 (대한민국 표준시)] 200 /chat
[Wed Aug 09 2023 17:36:09 GMT+0900 (대한민국 표준시)] 200 /chat
[Wed Aug 09 2023 17:36:09 GMT+0900 (대한민국 표준시)] 200 /chat
[Wed Aug 09 2023 17:36:09 GMT+0900 (대한민국 표준시)] 200 /chat
[Wed Aug 09 2023 17:36:09 GMT+0900 (대한민국 표준시)] 200 /chat
[Wed Aug 09 2023 17:36:09 GMT+0900 (대한민국 표준시)] 200 /chat
[Wed Aug 09 2023 17:36:09 GMT+0900 (대한민국 표준시)] 200 /chat
[Wed Aug 09 2023 17:36:09 GMT+0900 (대한민국 표준시)] 200 /chat
[Wed Aug 09 2023 17:36:09 GMT+0900 (대한민국 표준시)] 200 /chat
[Wed Aug 09 2023 17:36:09 GMT+0900 (대한민국 표준시)] 200 /chat
[Wed Aug 09 2023 17:36:09 GMT+0900 (대한민국 표준시)] 200 /chat
[Wed Aug 09 2023 17:36:09 GMT+0900 (대한민국 표준시)] 200 /chat
[Wed Aug 09 2023 17:36:09 GMT+0900 (대한민국 표준시)] 200 /chat
[Wed Aug 09 2023 17:36:09 GMT+0900 (대한민국 표준시)] 200 /chat
[Wed Aug 09 2023 17:36:09 GMT+0900 (대한민국 표준시)] 200 /chat
[Wed Aug 09 2023 17:36:09 GMT+0900 (대한민국 표준시)] 200 /chat
[Wed Aug 09 2023 17:36:10 GMT+0900 (대한민국 표준시)] 200 /chat
[Wed Aug 09 2023 17:36:10 GMT+0900 (대한민국 표준시)] 200 /chat
[Wed Aug 09 2023 17:36:10 GMT+0900 (대한민국 표준시)] 200 /chat
[Wed Aug 09 2023 17:36:10 GMT+0900 (대한민국 표준시)] 200 /chat
[Wed Aug 09 2023 17:36:10 GMT+0900 (대한민국 표준시)] 200 /chat
[Wed Aug 09 2023 17:36:10 GMT+0900 (대한민국 표준시)] 200 /chat
[Wed Aug 09 2023 17:36:10 GMT+0900 (대한민국 표준시)] 200 /chat
[Wed Aug 09 2023 17:36:10 GMT+0900 (대한민국 표준시)] 200 /chat
[Wed Aug 09 2023 17:36:10 GMT+0900 (대한민국 표준시)] 200 /chat
[Wed Aug 09 2023 17:36:10 GMT+0900 (대한민국 표준시)] 200 /chat
[Wed Aug 09 2023 17:36:10 GMT+0900 (대한민국 표준시)] 200 /chat
[Wed Aug 09 2023 17:36:10 GMT+0900 (대한민국 표준시)] 200 /chat
[Wed Aug 09 2023 17:36:10 GMT+0900 (대한민국 표준시)] 200 /chat
[Wed Aug 09 2023 17:36:10 GMT+0900 (대한민국 표준시)] 200 /chat
[Wed Aug 09 2023 17:36:10 GMT+0900 (대한민국 표준시)] 200 /chat
[Wed Aug 09 2023 17:36:10 GMT+0900 (대한민국 표준시)] 200 /chat
[Wed Aug 09 2023 17:36:10 GMT+0900 (대한민국 표준시)] 200 /chat
[Wed Aug 09 2023 17:36:10 GMT+0900 (대한민국 표준시)] 200 /chat
[Wed Aug 09 2023 17:36:10 GMT+0900 (대한민국 표준시)] 200 /chat
[Wed Aug 09 2023 17:36:10 GMT+0900 (대한민국 표준시)] 200 /chat
[Wed Aug 09 2023 17:36:13 GMT+0900 (대한민국 표준시)] 200 /chat
[Wed Aug 09 2023 17:36:13 GMT+0900 (대한민국 표준시)] 200 /chat
[Wed Aug 09 2023 17:36:13 GMT+0900 (대한민국 표준시)] 200 /chat
[Wed Aug 09 2023 17:36:13 GMT+0900 (대한민국 표준시)] 200 /chat
[Wed Aug 09 2023 17:36:13 GMT+0900 (대한민국 표준시)] 200 /chat
[Wed Aug 09 2023 17:36:13 GMT+0900 (대한민국 표준시)] 200 /chat
[Wed Aug 09 2023 17:36:14 GMT+0900 (대한민국 표준시)] 200 /img/favicon.ico
[Wed Aug 09 2023 17:36:15 GMT+0900 (대한민국 표준시)] 200 /login?username=dfsa
[Wed Aug 09 2023 17:36:15 GMT+0900 (대한민국 표준시)] 200 /chat
[Wed Aug 09 2023 17:36:15 GMT+0900 (대한민국 표준시)] 200 /chat.html
[Wed Aug 09 2023 17:57:34 GMT+0900 (대한민국 표준시)] 200 /chat.html
[Wed Aug 09 2023 17:57:34 GMT+0900 (대한민국 표준시)] 200 /img/favicon.ico
[Wed Aug 09 2023 17:57:36 GMT+0900 (대한민국 표준시)] 200 /login?username=dfsa
[Wed Aug 09 2023 17:57:36 GMT+0900 (대한민국 표준시)] 200 /chat
[Wed Aug 09 2023 17:57:40 GMT+0900 (대한민국 표준시)] 200 /login?username=dfsa%EC%83%81%EB%AF%BC
[Wed Aug 09 2023 17:57:40 GMT+0900 (대한민국 표준시)] 200 /chat
