[Sat Sep 09 2023 23:25:49 GMT+0900 (대한민국 표준시)] 200 /
[Sat Sep 09 2023 23:25:52 GMT+0900 (대한민국 표준시)] 200 /login?username=ddd
[Sat Sep 09 2023 23:27:05 GMT+0900 (대한민국 표준시)] 200 /login?username=ddd
[Sat Sep 09 2023 23:27:05 GMT+0900 (대한민국 표준시)] 200 /img/favicon.ico
[Sat Sep 09 2023 23:27:51 GMT+0900 (대한민국 표준시)] 200 /login?username=ddd
[Sat Sep 09 2023 23:27:51 GMT+0900 (대한민국 표준시)] 200 /img/favicon.ico
[Sat Sep 09 2023 23:28:00 GMT+0900 (대한민국 표준시)] 200 /login?username=ddd
[Sat Sep 09 2023 23:28:00 GMT+0900 (대한민국 표준시)] 200 /img/favicon.ico
[Sat Sep 09 2023 23:30:02 GMT+0900 (대한민국 표준시)] 200 /login?username=
[Sat Sep 09 2023 23:30:02 GMT+0900 (대한민국 표준시)] 200 /
[Sat Sep 09 2023 23:30:05 GMT+0900 (대한민국 표준시)] 200 /login?username=jgfjf
[Sat Sep 09 2023 23:30:29 GMT+0900 (대한민국 표준시)] 200 /login?username=jgfjf
[Sat Sep 09 2023 23:30:29 GMT+0900 (대한민국 표준시)] 200 /img/favicon.ico
[Sat Sep 09 2023 23:30:34 GMT+0900 (대한민국 표준시)] 200 /login?username=jgfjfkll
[Sat Sep 09 2023 23:33:33 GMT+0900 (대한민국 표준시)] 200 /login?username=jgfjfkll
[Sat Sep 09 2023 23:33:33 GMT+0900 (대한민국 표준시)] 200 /img/favicon.ico
[Sat Sep 09 2023 23:34:00 GMT+0900 (대한민국 표준시)] 200 /login?username=%EA%B9%80%EC%B0%BD%EB%AF%BC
[Sat Sep 09 2023 23:34:32 GMT+0900 (대한민국 표준시)] 200 /login?username=%EA%B9%80%EC%B0%BD%EB%AF%BC
[Sat Sep 09 2023 23:34:32 GMT+0900 (대한민국 표준시)] 200 /img/favicon.ico
[Sat Sep 09 2023 23:34:35 GMT+0900 (대한민국 표준시)] 200 /login?username=%EA%B9%80%EC%B0%BD%EB%AF%BC
[Sat Sep 09 2023 23:35:30 GMT+0900 (대한민국 표준시)] 200 /login?username=%EA%B9%80%EC%B0%BD%EB%AF%BC
[Sat Sep 09 2023 23:35:31 GMT+0900 (대한민국 표준시)] 200 /img/favicon.ico
[Sat Sep 09 2023 23:35:35 GMT+0900 (대한민국 표준시)] 200 /login?username=%E3%84%B9dsfsdf
[Sat Sep 09 2023 23:35:48 GMT+0900 (대한민국 표준시)] 200 /login?username=%E3%84%B9dsfsdf
[Sat Sep 09 2023 23:37:54 GMT+0900 (대한민국 표준시)] 200 /login?username=%E3%84%B9dsfsdf
[Sat Sep 09 2023 23:37:55 GMT+0900 (대한민국 표준시)] 200 /img/favicon.ico
[Sat Sep 09 2023 23:37:58 GMT+0900 (대한민국 표준시)] 200 /login?username=%E3%84%B9dsfsdfsdafsfsdf
[Sat Sep 09 2023 23:43:22 GMT+0900 (대한민국 표준시)] 200 /chat
[Sat Sep 09 2023 23:43:22 GMT+0900 (대한민국 표준시)] 200 /img/favicon.ico
[Sat Sep 09 2023 23:43:27 GMT+0900 (대한민국 표준시)] 200 /login?username=dfsfsdfds
[Sat Sep 09 2023 23:43:27 GMT+0900 (대한민국 표준시)] 200 /chat
