[Wed Aug 09 2023 15:34:57 GMT+0900 (대한민국 표준시)] 200 /
[Wed Aug 09 2023 15:36:45 GMT+0900 (대한민국 표준시)] 200 /
[Wed Aug 09 2023 15:37:44 GMT+0900 (대한민국 표준시)] 200 /
[Wed Aug 09 2023 15:37:44 GMT+0900 (대한민국 표준시)] 200 /img/favicon.ico
[Wed Aug 09 2023 15:37:47 GMT+0900 (대한민국 표준시)] 200 /chat.html?username=%E3%84%B4%E3%85%87%E3%84%B9%E3%84%B4%E3%85%87%E3%84%B9
[Wed Aug 09 2023 15:39:04 GMT+0900 (대한민국 표준시)] 200 /
[Wed Aug 09 2023 15:39:04 GMT+0900 (대한민국 표준시)] 200 /img/favicon.ico
[Wed Aug 09 2023 15:39:04 GMT+0900 (대한민국 표준시)] 200 /
[Wed Aug 09 2023 15:39:04 GMT+0900 (대한민국 표준시)] 200 /img/favicon.ico
[Wed Aug 09 2023 15:39:04 GMT+0900 (대한민국 표준시)] 200 /
[Wed Aug 09 2023 15:39:04 GMT+0900 (대한민국 표준시)] 200 /img/favicon.ico
[Wed Aug 09 2023 15:39:06 GMT+0900 (대한민국 표준시)] 200 /chat.html?username=%E3%84%B4%E3%84%B4%E3%85%87%E3%85%80%E3%84%B4%E3%85%87%E3%85%80
[Wed Aug 09 2023 15:43:26 GMT+0900 (대한민국 표준시)] 200 /
[Wed Aug 09 2023 15:43:30 GMT+0900 (대한민국 표준시)] 200 /asdf
[Wed Aug 09 2023 15:43:44 GMT+0900 (대한민국 표준시)] 200 /
[Wed Aug 09 2023 15:43:46 GMT+0900 (대한민국 표준시)] 200 /chat.html?username=asdf
[Wed Aug 09 2023 16:09:01 GMT+0900 (대한민국 표준시)] 200 /
[Wed Aug 09 2023 16:09:01 GMT+0900 (대한민국 표준시)] 200 /img/favicon.ico
[Wed Aug 09 2023 16:09:01 GMT+0900 (대한민국 표준시)] 200 /
[Wed Aug 09 2023 16:09:01 GMT+0900 (대한민국 표준시)] 200 /img/favicon.ico
[Wed Aug 09 2023 16:09:01 GMT+0900 (대한민국 표준시)] 200 /
[Wed Aug 09 2023 16:09:01 GMT+0900 (대한민국 표준시)] 200 /img/favicon.ico
[Wed Aug 09 2023 16:09:01 GMT+0900 (대한민국 표준시)] 200 /
[Wed Aug 09 2023 16:09:01 GMT+0900 (대한민국 표준시)] 200 /img/favicon.ico
[Wed Aug 09 2023 16:09:06 GMT+0900 (대한민국 표준시)] 200 /chat.html?username=%ED%99%8D%EA%B8%B8%EB%8F%99
[Wed Aug 09 2023 16:11:41 GMT+0900 (대한민국 표준시)] 200 /chat.html?username=%ED%99%8D%EA%B8%B8%EB%8F%99
[Wed Aug 09 2023 16:13:04 GMT+0900 (대한민국 표준시)] 200 /chat.html?username=%ED%99%8D%EA%B8%B8%EB%8F%99
[Wed Aug 09 2023 16:13:06 GMT+0900 (대한민국 표준시)] 200 /
[Wed Aug 09 2023 16:13:06 GMT+0900 (대한민국 표준시)] 200 /img/favicon.ico
[Wed Aug 09 2023 16:13:09 GMT+0900 (대한민국 표준시)] 200 /chat?username=%ED%99%8D%EA%B8%B8%EB%8F%99
[Wed Aug 09 2023 16:23:56 GMT+0900 (대한민국 표준시)] 200 /
[Wed Aug 09 2023 16:23:58 GMT+0900 (대한민국 표준시)] 200 /chat?username=%E3%84%B4%E3%85%81%E3%84%B9%E3%85%87%E3%84%B7%E3%85%8E%E3%85%87%E3%84%B9%E3%84%B6
[Wed Aug 09 2023 16:23:58 GMT+0900 (대한민국 표준시)] 200 /chat.html
[Wed Aug 09 2023 16:24:08 GMT+0900 (대한민국 표준시)] 200 /chat?username=%E3%84%B4%E3%85%81%E3%84%B9%E3%85%87%E3%84%B7%E3%85%8E%E3%85%87%E3%84%B9%E3%84%B6
[Wed Aug 09 2023 16:24:08 GMT+0900 (대한민국 표준시)] 200 /chat.html
[Wed Aug 09 2023 16:33:39 GMT+0900 (대한민국 표준시)] 200 /chat?username=%E3%84%B4%E3%85%81%E3%84%B9%E3%85%87%E3%84%B7%E3%85%8E%E3%85%87%E3%84%B9%E3%84%B6
[Wed Aug 09 2023 16:33:42 GMT+0900 (대한민국 표준시)] 200 /img/favicon.ico
[Wed Aug 09 2023 16:33:42 GMT+0900 (대한민국 표준시)] 200 /
[Wed Aug 09 2023 16:33:43 GMT+0900 (대한민국 표준시)] 200 /img/favicon.ico
[Wed Aug 09 2023 16:33:46 GMT+0900 (대한민국 표준시)] 200 /chat?username=%ED%99%8D%EA%B8%B8%EB%8F%99
[Wed Aug 09 2023 16:33:52 GMT+0900 (대한민국 표준시)] 200 /chat?username=%ED%99%8D%EA%B8%B8%EB%8F%99
[Wed Aug 09 2023 16:33:53 GMT+0900 (대한민국 표준시)] 200 /chat?username=%ED%99%8D%EA%B8%B8%EB%8F%99
[Wed Aug 09 2023 16:33:54 GMT+0900 (대한민국 표준시)] 200 /chat?username=%ED%99%8D%EA%B8%B8%EB%8F%99
[Wed Aug 09 2023 16:41:04 GMT+0900 (대한민국 표준시)] 200 /
[Wed Aug 09 2023 16:41:09 GMT+0900 (대한민국 표준시)] 200 /chat?username=%ED%99%8D%EA%B8%B8%EB%8F%99
[Wed Aug 09 2023 16:47:34 GMT+0900 (대한민국 표준시)] 200 /
[Wed Aug 09 2023 16:47:34 GMT+0900 (대한민국 표준시)] 200 /img/favicon.ico
[Wed Aug 09 2023 16:47:34 GMT+0900 (대한민국 표준시)] 200 /
[Wed Aug 09 2023 16:47:34 GMT+0900 (대한민국 표준시)] 200 /img/favicon.ico
[Wed Aug 09 2023 16:47:36 GMT+0900 (대한민국 표준시)] 200 /chat?username=%E3%85%81%E3%84%B4%E3%85%87%E3%84%BB%E3%84%B4%E3%85%87%E3%84%B9
[Wed Aug 09 2023 16:48:25 GMT+0900 (대한민국 표준시)] 200 /chat?username=%E3%85%81%E3%84%B4%E3%85%87%E3%84%BB%E3%84%B4%E3%85%87%E3%84%B9
[Wed Aug 09 2023 16:48:25 GMT+0900 (대한민국 표준시)] 200 /img/favicon.ico
[Wed Aug 09 2023 16:48:28 GMT+0900 (대한민국 표준시)] 200 /
[Wed Aug 09 2023 16:48:28 GMT+0900 (대한민국 표준시)] 200 /img/favicon.ico
[Wed Aug 09 2023 16:48:30 GMT+0900 (대한민국 표준시)] 200 /chat?username=%E3%84%B4%E3%85%81%E3%85%87%E3%84%BB%E3%84%B4%E3%85%87%E3%84%B9
[Wed Aug 09 2023 17:06:04 GMT+0900 (대한민국 표준시)] 200 /chat?username=%ED%99%8D%EA%B8%B8%EB%8F%99
[Wed Aug 09 2023 17:06:17 GMT+0900 (대한민국 표준시)] 200 /chat.html
[Wed Aug 09 2023 17:07:45 GMT+0900 (대한민국 표준시)] 200 /chat.html
[Wed Aug 09 2023 17:22:18 GMT+0900 (대한민국 표준시)] 200 /
[Wed Aug 09 2023 17:22:18 GMT+0900 (대한민국 표준시)] 200 /img/favicon.ico
[Wed Aug 09 2023 17:22:22 GMT+0900 (대한민국 표준시)] 200 /chat?username=sdf
[Wed Aug 09 2023 17:22:28 GMT+0900 (대한민국 표준시)] 200 /asdfasdf
[Wed Aug 09 2023 17:23:04 GMT+0900 (대한민국 표준시)] 200 /asdfasdf
[Wed Aug 09 2023 17:23:26 GMT+0900 (대한민국 표준시)] 200 /img
[Wed Aug 09 2023 17:33:32 GMT+0900 (대한민국 표준시)] 200 /
[Wed Aug 09 2023 17:33:35 GMT+0900 (대한민국 표준시)] 200 /login?username=fdsg
[Wed Aug 09 2023 17:33:35 GMT+0900 (대한민국 표준시)] 200 /chat
[Wed Aug 09 2023 17:33:40 GMT+0900 (대한민국 표준시)] 200 /login?username=
[Wed Aug 09 2023 17:33:40 GMT+0900 (대한민국 표준시)] 200 /
[Wed Aug 09 2023 17:33:43 GMT+0900 (대한민국 표준시)] 200 /login?username=++++
[Wed Aug 09 2023 17:33:43 GMT+0900 (대한민국 표준시)] 200 /
[Wed Aug 09 2023 17:33:44 GMT+0900 (대한민국 표준시)] 200 /login?username=+++
[Wed Aug 09 2023 17:33:44 GMT+0900 (대한민국 표준시)] 200 /
[Wed Aug 09 2023 17:33:45 GMT+0900 (대한민국 표준시)] 200 /login?username=
[Wed Aug 09 2023 17:33:45 GMT+0900 (대한민국 표준시)] 200 /
[Wed Aug 09 2023 17:33:45 GMT+0900 (대한민국 표준시)] 200 /login?username=
[Wed Aug 09 2023 17:33:45 GMT+0900 (대한민국 표준시)] 200 /
[Wed Aug 09 2023 17:33:45 GMT+0900 (대한민국 표준시)] 200 /login?username=
[Wed Aug 09 2023 17:33:45 GMT+0900 (대한민국 표준시)] 200 /
[Wed Aug 09 2023 17:33:45 GMT+0900 (대한민국 표준시)] 200 /login?username=
[Wed Aug 09 2023 17:33:45 GMT+0900 (대한민국 표준시)] 200 /
[Wed Aug 09 2023 17:33:46 GMT+0900 (대한민국 표준시)] 200 /login?username=
[Wed Aug 09 2023 17:33:46 GMT+0900 (대한민국 표준시)] 200 /
[Wed Aug 09 2023 17:33:46 GMT+0900 (대한민국 표준시)] 200 /login?username=
[Wed Aug 09 2023 17:33:46 GMT+0900 (대한민국 표준시)] 200 /
[Wed Aug 09 2023 17:33:46 GMT+0900 (대한민국 표준시)] 200 /login?username=
[Wed Aug 09 2023 17:33:46 GMT+0900 (대한민국 표준시)] 200 /
[Wed Aug 09 2023 17:33:47 GMT+0900 (대한민국 표준시)] 200 /login?username=
[Wed Aug 09 2023 17:33:47 GMT+0900 (대한민국 표준시)] 200 /
[Wed Aug 09 2023 17:33:47 GMT+0900 (대한민국 표준시)] 200 /login?username=
[Wed Aug 09 2023 17:33:47 GMT+0900 (대한민국 표준시)] 200 /
[Wed Aug 09 2023 17:33:47 GMT+0900 (대한민국 표준시)] 200 /login?username=
[Wed Aug 09 2023 17:33:47 GMT+0900 (대한민국 표준시)] 200 /
[Wed Aug 09 2023 17:33:47 GMT+0900 (대한민국 표준시)] 200 /login?username=
[Wed Aug 09 2023 17:33:47 GMT+0900 (대한민국 표준시)] 200 /
[Wed Aug 09 2023 17:33:48 GMT+0900 (대한민국 표준시)] 200 /login?username=
[Wed Aug 09 2023 17:33:48 GMT+0900 (대한민국 표준시)] 200 /
[Wed Aug 09 2023 17:33:48 GMT+0900 (대한민국 표준시)] 200 /login?username=
[Wed Aug 09 2023 17:33:48 GMT+0900 (대한민국 표준시)] 200 /
[Wed Aug 09 2023 17:33:48 GMT+0900 (대한민국 표준시)] 200 /login?username=
[Wed Aug 09 2023 17:33:48 GMT+0900 (대한민국 표준시)] 200 /
[Wed Aug 09 2023 17:33:48 GMT+0900 (대한민국 표준시)] 200 /login?username=
[Wed Aug 09 2023 17:33:48 GMT+0900 (대한민국 표준시)] 200 /
[Wed Aug 09 2023 17:33:48 GMT+0900 (대한민국 표준시)] 200 /login?username=
[Wed Aug 09 2023 17:33:48 GMT+0900 (대한민국 표준시)] 200 /
[Wed Aug 09 2023 17:33:48 GMT+0900 (대한민국 표준시)] 200 /login?username=
[Wed Aug 09 2023 17:33:49 GMT+0900 (대한민국 표준시)] 200 /
[Wed Aug 09 2023 17:33:49 GMT+0900 (대한민국 표준시)] 200 /login?username=
[Wed Aug 09 2023 17:33:49 GMT+0900 (대한민국 표준시)] 200 /
[Wed Aug 09 2023 17:33:49 GMT+0900 (대한민국 표준시)] 200 /login?username=
[Wed Aug 09 2023 17:33:49 GMT+0900 (대한민국 표준시)] 200 /
[Wed Aug 09 2023 17:33:49 GMT+0900 (대한민국 표준시)] 200 /login?username=
[Wed Aug 09 2023 17:33:49 GMT+0900 (대한민국 표준시)] 200 /
[Wed Aug 09 2023 17:33:49 GMT+0900 (대한민국 표준시)] 200 /login?username=
[Wed Aug 09 2023 17:33:49 GMT+0900 (대한민국 표준시)] 200 /
[Wed Aug 09 2023 17:33:49 GMT+0900 (대한민국 표준시)] 200 /login?username=
[Wed Aug 09 2023 17:33:49 GMT+0900 (대한민국 표준시)] 200 /
[Wed Aug 09 2023 17:33:50 GMT+0900 (대한민국 표준시)] 200 /login?username=
[Wed Aug 09 2023 17:33:50 GMT+0900 (대한민국 표준시)] 200 /
[Wed Aug 09 2023 17:33:52 GMT+0900 (대한민국 표준시)] 200 /login?username=sf
[Wed Aug 09 2023 17:33:52 GMT+0900 (대한민국 표준시)] 200 /chat
